<?xml version="1.0" encoding="UTF-8"?>
<testng-results skipped="0" failed="0" total="1" passed="1">
  <reporter-output>
  </reporter-output>
  <suite name="Default suite" duration-ms="91006" started-at="2020-05-24T08:03:41Z" finished-at="2020-05-24T08:05:12Z">
    <groups>
    </groups>
    <test name="Default test" duration-ms="91006" started-at="2020-05-24T08:03:41Z" finished-at="2020-05-24T08:05:12Z">
      <class name="test.ProjectTest">
        <test-method status="PASS" signature="openBrowser()[pri:0, instance:test.ProjectTest@369f73a2]" name="openBrowser" duration-ms="90462" started-at="2020-05-24T01:03:41Z" finished-at="2020-05-24T01:05:11Z">
          <reporter-output>
          </reporter-output>
        </test-method> <!-- openBrowser -->
        <test-method status="PASS" signature="reportFlush()[pri:0, instance:test.ProjectTest@369f73a2]" name="reportFlush" is-config="true" duration-ms="526" started-at="2020-05-24T01:05:11Z" finished-at="2020-05-24T01:05:12Z">
          <reporter-output>
          </reporter-output>
        </test-method> <!-- reportFlush -->
      </class> <!-- test.ProjectTest -->
    </test> <!-- Default test -->
  </suite> <!-- Default suite -->
</testng-results>
